  ray.cpp
A:\cpp\ray\sfml\include\SFML\Graphics\Rect.inl(81,19): error C2589: '(': illegal token on right side of '::'
  (compiling source file 'ray.cpp')
  
A:\cpp\ray\sfml\include\SFML\Graphics\Rect.inl(81,19): error C2760: syntax error: ')' was unexpected here; expected ';'
  (compiling source file 'ray.cpp')
  
A:\cpp\ray\sfml\include\SFML\Graphics\Rect.inl(81,19): error C3878: syntax error: unexpected token ')' following 'expression_statement'
  (compiling source file 'ray.cpp')
  
A:\cpp\ray\sfml\include\SFML\Graphics\Rect.inl(81,19): message : error recovery skipped: ')'
  (compiling source file 'ray.cpp')
  
A:\cpp\ray\sfml\include\SFML\Graphics\Rect.inl(82,19): error C2589: '(': illegal token on right side of '::'
  (compiling source file 'ray.cpp')
  
A:\cpp\ray\sfml\include\SFML\Graphics\Rect.inl(82,19): error C2760: syntax error: ')' was unexpected here; expected ';'
  (compiling source file 'ray.cpp')
  
A:\cpp\ray\sfml\include\SFML\Graphics\Rect.inl(82,19): error C3878: syntax error: unexpected token ')' following 'expression_statement'
  (compiling source file 'ray.cpp')
  
A:\cpp\ray\sfml\include\SFML\Graphics\Rect.inl(82,19): message : error recovery skipped: ')'
  (compiling source file 'ray.cpp')
  
A:\cpp\ray\sfml\include\SFML\Graphics\Rect.inl(83,19): error C2589: '(': illegal token on right side of '::'
  (compiling source file 'ray.cpp')
  
A:\cpp\ray\sfml\include\SFML\Graphics\Rect.inl(83,19): error C2760: syntax error: ')' was unexpected here; expected ';'
  (compiling source file 'ray.cpp')
  
A:\cpp\ray\sfml\include\SFML\Graphics\Rect.inl(83,19): error C3878: syntax error: unexpected token ')' following 'expression_statement'
  (compiling source file 'ray.cpp')
  
A:\cpp\ray\sfml\include\SFML\Graphics\Rect.inl(83,19): message : error recovery skipped: ')'
  (compiling source file 'ray.cpp')
  
A:\cpp\ray\sfml\include\SFML\Graphics\Rect.inl(84,19): error C2589: '(': illegal token on right side of '::'
  (compiling source file 'ray.cpp')
  
A:\cpp\ray\sfml\include\SFML\Graphics\Rect.inl(84,19): error C2760: syntax error: ')' was unexpected here; expected ';'
  (compiling source file 'ray.cpp')
  
A:\cpp\ray\sfml\include\SFML\Graphics\Rect.inl(84,19): error C3878: syntax error: unexpected token ')' following 'expression_statement'
  (compiling source file 'ray.cpp')
  
A:\cpp\ray\sfml\include\SFML\Graphics\Rect.inl(84,19): message : error recovery skipped: ')'
  (compiling source file 'ray.cpp')
  
A:\cpp\ray\sfml\include\SFML\Graphics\Rect.inl(114,21): error C2589: '(': illegal token on right side of '::'
  (compiling source file 'ray.cpp')
  
A:\cpp\ray\sfml\include\SFML\Graphics\Rect.inl(114,21): error C2760: syntax error: ')' was unexpected here; expected ';'
  (compiling source file 'ray.cpp')
  
A:\cpp\ray\sfml\include\SFML\Graphics\Rect.inl(114,21): error C3878: syntax error: unexpected token ')' following 'expression_statement'
  (compiling source file 'ray.cpp')
  
A:\cpp\ray\sfml\include\SFML\Graphics\Rect.inl(114,21): message : error recovery skipped: ')'
  (compiling source file 'ray.cpp')
  
A:\cpp\ray\sfml\include\SFML\Graphics\Rect.inl(115,21): error C2589: '(': illegal token on right side of '::'
  (compiling source file 'ray.cpp')
  
A:\cpp\ray\sfml\include\SFML\Graphics\Rect.inl(115,21): error C2760: syntax error: ')' was unexpected here; expected ';'
  (compiling source file 'ray.cpp')
  
A:\cpp\ray\sfml\include\SFML\Graphics\Rect.inl(115,21): error C3878: syntax error: unexpected token ')' following 'expression_statement'
  (compiling source file 'ray.cpp')
  
A:\cpp\ray\sfml\include\SFML\Graphics\Rect.inl(115,21): message : error recovery skipped: ')'
  (compiling source file 'ray.cpp')
  
A:\cpp\ray\sfml\include\SFML\Graphics\Rect.inl(116,21): error C2589: '(': illegal token on right side of '::'
  (compiling source file 'ray.cpp')
  
A:\cpp\ray\sfml\include\SFML\Graphics\Rect.inl(116,21): error C2760: syntax error: ')' was unexpected here; expected ';'
  (compiling source file 'ray.cpp')
  
A:\cpp\ray\sfml\include\SFML\Graphics\Rect.inl(116,21): error C3878: syntax error: unexpected token ')' following 'expression_statement'
  (compiling source file 'ray.cpp')
  
A:\cpp\ray\sfml\include\SFML\Graphics\Rect.inl(116,21): message : error recovery skipped: ')'
  (compiling source file 'ray.cpp')
  
A:\cpp\ray\sfml\include\SFML\Graphics\Rect.inl(117,21): error C2589: '(': illegal token on right side of '::'
  (compiling source file 'ray.cpp')
  
A:\cpp\ray\sfml\include\SFML\Graphics\Rect.inl(117,21): error C2760: syntax error: ')' was unexpected here; expected ';'
  (compiling source file 'ray.cpp')
  
A:\cpp\ray\sfml\include\SFML\Graphics\Rect.inl(117,21): error C3878: syntax error: unexpected token ')' following 'expression_statement'
  (compiling source file 'ray.cpp')
  
A:\cpp\ray\sfml\include\SFML\Graphics\Rect.inl(117,21): message : error recovery skipped: ')'
  (compiling source file 'ray.cpp')
  
A:\cpp\ray\sfml\include\SFML\Graphics\Rect.inl(120,21): error C2589: '(': illegal token on right side of '::'
  (compiling source file 'ray.cpp')
  
A:\cpp\ray\sfml\include\SFML\Graphics\Rect.inl(120,21): error C2760: syntax error: ')' was unexpected here; expected ';'
  (compiling source file 'ray.cpp')
  
A:\cpp\ray\sfml\include\SFML\Graphics\Rect.inl(120,21): error C3878: syntax error: unexpected token ')' following 'expression_statement'
  (compiling source file 'ray.cpp')
  
A:\cpp\ray\sfml\include\SFML\Graphics\Rect.inl(120,21): message : error recovery skipped: ')'
  (compiling source file 'ray.cpp')
  
A:\cpp\ray\sfml\include\SFML\Graphics\Rect.inl(121,21): error C2589: '(': illegal token on right side of '::'
  (compiling source file 'ray.cpp')
  
A:\cpp\ray\sfml\include\SFML\Graphics\Rect.inl(121,21): error C2760: syntax error: ')' was unexpected here; expected ';'
  (compiling source file 'ray.cpp')
  
A:\cpp\ray\sfml\include\SFML\Graphics\Rect.inl(121,21): error C3878: syntax error: unexpected token ')' following 'expression_statement'
  (compiling source file 'ray.cpp')
  
A:\cpp\ray\sfml\include\SFML\Graphics\Rect.inl(121,21): message : error recovery skipped: ')'
  (compiling source file 'ray.cpp')
  
A:\cpp\ray\sfml\include\SFML\Graphics\Rect.inl(122,21): error C2589: '(': illegal token on right side of '::'
  (compiling source file 'ray.cpp')
  
A:\cpp\ray\sfml\include\SFML\Graphics\Rect.inl(122,21): error C2760: syntax error: ')' was unexpected here; expected ';'
  (compiling source file 'ray.cpp')
  
A:\cpp\ray\sfml\include\SFML\Graphics\Rect.inl(122,21): error C3878: syntax error: unexpected token ')' following 'expression_statement'
  (compiling source file 'ray.cpp')
  
A:\cpp\ray\sfml\include\SFML\Graphics\Rect.inl(122,21): message : error recovery skipped: ')'
  (compiling source file 'ray.cpp')
  
A:\cpp\ray\sfml\include\SFML\Graphics\Rect.inl(123,21): error C2589: '(': illegal token on right side of '::'
  (compiling source file 'ray.cpp')
  
A:\cpp\ray\sfml\include\SFML\Graphics\Rect.inl(123,21): error C2760: syntax error: ')' was unexpected here; expected ';'
  (compiling source file 'ray.cpp')
  
A:\cpp\ray\sfml\include\SFML\Graphics\Rect.inl(123,21): error C3878: syntax error: unexpected token ')' following 'expression_statement'
  (compiling source file 'ray.cpp')
  
A:\cpp\ray\sfml\include\SFML\Graphics\Rect.inl(123,21): message : error recovery skipped: ')'
  (compiling source file 'ray.cpp')
  
A:\cpp\ray\sfml\include\SFML\Graphics\Rect.inl(126,26): error C2589: '(': illegal token on right side of '::'
  (compiling source file 'ray.cpp')
  
A:\cpp\ray\sfml\include\SFML\Graphics\Rect.inl(126,26): error C2760: syntax error: ')' was unexpected here; expected ';'
  (compiling source file 'ray.cpp')
  
A:\cpp\ray\sfml\include\SFML\Graphics\Rect.inl(126,26): error C3878: syntax error: unexpected token ')' following 'expression_statement'
  (compiling source file 'ray.cpp')
  
A:\cpp\ray\sfml\include\SFML\Graphics\Rect.inl(126,26): message : error recovery skipped: ')'
  (compiling source file 'ray.cpp')
  
A:\cpp\ray\sfml\include\SFML\Graphics\Rect.inl(127,26): error C2589: '(': illegal token on right side of '::'
  (compiling source file 'ray.cpp')
  
A:\cpp\ray\sfml\include\SFML\Graphics\Rect.inl(127,26): error C2760: syntax error: ')' was unexpected here; expected ';'
  (compiling source file 'ray.cpp')
  
A:\cpp\ray\sfml\include\SFML\Graphics\Rect.inl(127,26): error C3878: syntax error: unexpected token ')' following 'expression_statement'
  (compiling source file 'ray.cpp')
  
A:\cpp\ray\sfml\include\SFML\Graphics\Rect.inl(127,26): message : error recovery skipped: ')'
  (compiling source file 'ray.cpp')
  
A:\cpp\ray\sfml\include\SFML\Graphics\Rect.inl(128,26): error C2589: '(': illegal token on right side of '::'
  (compiling source file 'ray.cpp')
  
A:\cpp\ray\sfml\include\SFML\Graphics\Rect.inl(128,26): error C2760: syntax error: ')' was unexpected here; expected ';'
  (compiling source file 'ray.cpp')
  
A:\cpp\ray\sfml\include\SFML\Graphics\Rect.inl(128,26): error C3878: syntax error: unexpected token ')' following 'expression_statement'
  (compiling source file 'ray.cpp')
  
A:\cpp\ray\sfml\include\SFML\Graphics\Rect.inl(128,26): message : error recovery skipped: ')'
  (compiling source file 'ray.cpp')
  
A:\cpp\ray\sfml\include\SFML\Graphics\Rect.inl(129,26): error C2589: '(': illegal token on right side of '::'
  (compiling source file 'ray.cpp')
  
A:\cpp\ray\sfml\include\SFML\Graphics\Rect.inl(129,26): error C2760: syntax error: ')' was unexpected here; expected ';'
  (compiling source file 'ray.cpp')
  
A:\cpp\ray\sfml\include\SFML\Graphics\Rect.inl(129,26): error C3878: syntax error: unexpected token ')' following 'expression_statement'
  (compiling source file 'ray.cpp')
  
A:\cpp\ray\sfml\include\SFML\Graphics\Rect.inl(129,26): message : error recovery skipped: ')'
  (compiling source file 'ray.cpp')
  
A:\cpp\ray\ray\ray.cpp(15,3): error C2248: 'Player::Player': cannot access private member declared in class 'Player'
  A:\cpp\ray\ray\ray.cpp(10,2):
  see declaration of 'Player::Player'
  A:\cpp\ray\ray\ray.cpp(9,7):
  see declaration of 'Player'
  
A:\cpp\ray\ray\ray.cpp(31,3): error C2248: 'Map::Map': cannot access private member declared in class 'Map'
  A:\cpp\ray\ray\ray.cpp(18,2):
  see declaration of 'Map::Map'
  A:\cpp\ray\ray\ray.cpp(17,7):
  see declaration of 'Map'
  
A:\cpp\ray\ray\ray.cpp(55,39): warning C4244: 'argument': conversion from 'double' to 'float', possible loss of data
